<?xml version="1.0" encoding="UTF-8"?>
<testng-results skipped="0" failed="0" ignored="0" total="1" passed="1">
  <reporter-output>
    <line>
      <![CDATA[Entered text " anuj.lpu1@gmail.com"In the Username Textbox]]>
    </line>
    <line>
      <![CDATA[Entered text " Test@123"In the Password Textbox]]>
    </line>
    <line>
      <![CDATA[Clicked on Login Btn]]>
    </line>
  </reporter-output>
  <suite name="Default suite" duration-ms="25106" started-at="2020-06-25T17:12:29 IST" finished-at="2020-06-25T17:12:54 IST">
    <groups>
    </groups>
    <test name="Default test" duration-ms="25106" started-at="2020-06-25T17:12:29 IST" finished-at="2020-06-25T17:12:54 IST">
      <class name="com.tyss.projectframeworkscripts.LoginTest">
        <test-method status="PASS" signature="setUp(org.testng.ITestContext)[pri:0, instance:com.tyss.projectframeworkscripts.LoginTest@2d6eabae]" name="setUp" is-config="true" duration-ms="7937" started-at="2020-06-25T17:12:29 IST" finished-at="2020-06-25T17:12:37 IST">
          <params>
            <param index="0">
              <value>
                <![CDATA[org.testng.TestRunner@5827af16]]>
              </value>
            </param>
          </params>
          <reporter-output>
          </reporter-output>
        </test-method> <!-- setUp -->
        <test-method status="PASS" signature="tc_02()[pri:0, instance:com.tyss.projectframeworkscripts.LoginTest@2d6eabae]" name="tc_02" duration-ms="17094" started-at="2020-06-25T17:12:37 IST" finished-at="2020-06-25T17:12:54 IST">
          <reporter-output>
            <line>
              <![CDATA[Entered text " anuj.lpu1@gmail.com"In the Username Textbox]]>
            </line>
            <line>
              <![CDATA[Entered text " Test@123"In the Password Textbox]]>
            </line>
            <line>
              <![CDATA[Clicked on Login Btn]]>
            </line>
          </reporter-output>
        </test-method> <!-- tc_02 -->
        <test-method status="PASS" signature="tearDown()[pri:0, instance:com.tyss.projectframeworkscripts.LoginTest@2d6eabae]" name="tearDown" is-config="true" duration-ms="42" started-at="2020-06-25T17:12:54 IST" finished-at="2020-06-25T17:12:54 IST">
          <reporter-output>
          </reporter-output>
        </test-method> <!-- tearDown -->
      </class> <!-- com.tyss.projectframeworkscripts.LoginTest -->
    </test> <!-- Default test -->
  </suite> <!-- Default suite -->
</testng-results>
